#-----------------------------------------------------------
# Vivado v2020.1 (64-bit)
# SW Build 2902540 on Wed May 27 19:54:49 MDT 2020
# IP Build 2902112 on Wed May 27 22:43:36 MDT 2020
# Start of session at: Thu Jun  1 21:56:43 2023
# Process ID: 13524
# Current directory: D:/PROGRAM/HDL/cpu
# Command line: vivado.exe -gui_launcher_event rodinguilauncherevent16980 D:\PROGRAM\HDL\cpu\cpu.xpr
# Log file: D:/PROGRAM/HDL/cpu/vivado.log
# Journal file: D:/PROGRAM/HDL/cpu\vivado.jou
#-----------------------------------------------------------
start_gui
open_project D:/PROGRAM/HDL/cpu/cpu.xpr
Scanning sources...
Finished scanning sources
INFO: [IP_Flow 19-234] Refreshing IP repositories
INFO: [IP_Flow 19-1704] No user IP repositories specified
INFO: [IP_Flow 19-2313] Loaded Vivado IP repository 'D:/Vivado/2020.1/data/ip'.
update_compile_order -fileset sources_1
WARNING: [IP_Flow 19-4067] Ignoring invalid widget type specified checkbox.Providing a default widget
WARNING: [IP_Flow 19-4067] Ignoring invalid widget type specified checkbox.Providing a default widget
