INFO: [VRFC 10-2263] Analyzing Verilog file "D:/PROGRAM/codeRoad/MIPS_cpu/cpu.srcs/sources_1/ip/ram/sim/ram.v" into library xil_defaultlib
INFO: [VRFC 10-311] analyzing module ram
INFO: [VRFC 10-2263] Analyzing Verilog file "D:/PROGRAM/codeRoad/MIPS_cpu/cpu.srcs/sources_1/ip/prgrom/sim/prgrom.v" into library xil_defaultlib
INFO: [VRFC 10-311] analyzing module prgrom
INFO: [VRFC 10-2263] Analyzing SystemVerilog file "D:/PROGRAM/codeRoad/MIPS_cpu/cpu.srcs/sources_1/new/ALU.sv" into library xil_defaultlib
INFO: [VRFC 10-311] analyzing module ALU
INFO: [VRFC 10-2263] Analyzing SystemVerilog file "D:/PROGRAM/codeRoad/MIPS_cpu/cpu.srcs/sources_1/new/Control.sv" into library xil_defaultlib
INFO: [VRFC 10-311] analyzing module Control
INFO: [VRFC 10-2263] Analyzing SystemVerilog file "D:/PROGRAM/codeRoad/MIPS_cpu/cpu.srcs/sources_1/new/DataMem.sv" into library xil_defaultlib
INFO: [VRFC 10-311] analyzing module DataMem
INFO: [VRFC 10-2263] Analyzing SystemVerilog file "D:/PROGRAM/codeRoad/MIPS_cpu/cpu.srcs/sources_1/new/InstrMem.sv" into library xil_defaultlib
INFO: [VRFC 10-311] analyzing module InstrMem
INFO: [VRFC 10-2263] Analyzing SystemVerilog file "D:/PROGRAM/codeRoad/MIPS_cpu/cpu.srcs/sources_1/new/PC.sv" into library xil_defaultlib
INFO: [VRFC 10-311] analyzing module PC
INFO: [VRFC 10-2263] Analyzing SystemVerilog file "D:/PROGRAM/codeRoad/MIPS_cpu/cpu.srcs/sources_1/new/Registers.sv" into library xil_defaultlib
INFO: [VRFC 10-311] analyzing module RegisterFile
INFO: [VRFC 10-2263] Analyzing SystemVerilog file "D:/PROGRAM/codeRoad/MIPS_cpu/cpu.srcs/sources_1/new/SignExtend.sv" into library xil_defaultlib
INFO: [VRFC 10-311] analyzing module SignExtend
INFO: [VRFC 10-2263] Analyzing SystemVerilog file "D:/PROGRAM/codeRoad/MIPS_cpu/cpu.srcs/sources_1/new/MIPS.sv" into library xil_defaultlib
INFO: [VRFC 10-311] analyzing module MIPS
INFO: [VRFC 10-2263] Analyzing Verilog file "D:/PROGRAM/codeRoad/MIPS_cpu/cpu.sim/sim_1/behav/xsim/glbl.v" into library xil_defaultlib
INFO: [VRFC 10-311] analyzing module glbl
