#-----------------------------------------------------------
# Vivado v2020.1 (64-bit)
# SW Build 2902540 on Wed May 27 19:54:49 MDT 2020
# IP Build 2902112 on Wed May 27 22:43:36 MDT 2020
# Start of session at: Thu Sep  7 23:23:57 2023
# Process ID: 572
# Current directory: D:/PROGRAM/HDL/powerClock
# Command line: vivado.exe -gui_launcher_event rodinguilauncherevent2508 D:\PROGRAM\HDL\powerClock\powerClock.xpr
# Log file: D:/PROGRAM/HDL/powerClock/vivado.log
# Journal file: D:/PROGRAM/HDL/powerClock\vivado.jou
#-----------------------------------------------------------
Sourcing tcl script 'D:/Vivado/2020.1/scripts/Vivado_init.tcl'
start_gui
open_project D:/PROGRAM/HDL/powerClock/powerClock.xpr
Scanning sources...
Finished scanning sources
INFO: [IP_Flow 19-234] Refreshing IP repositories
INFO: [IP_Flow 19-1704] No user IP repositories specified
INFO: [IP_Flow 19-2313] Loaded Vivado IP repository 'D:/Vivado/2020.1/data/ip'.
update_compile_order -fileset sources_1
exit
INFO: [Common 17-206] Exiting Vivado at Thu Sep  7 23:24:38 2023...
